2022-01-11 15:42:28,605 INFO 47846 [egg-schedule]: register schedule /Users/h/partTimeJob/exchange-fe-server-privatization-master/node_modules/egg-multipart/app/schedule/clean_tmpdir.js
2022-01-11 15:42:28,605 INFO 47846 [egg-schedule]: register schedule /Users/h/partTimeJob/exchange-fe-server-privatization-master/node_modules/egg-logrotator/app/schedule/clean_log.js
2022-01-11 15:42:28,605 INFO 47846 [egg-schedule]: register schedule /Users/h/partTimeJob/exchange-fe-server-privatization-master/node_modules/egg-logrotator/app/schedule/rotate_by_file.js
2022-01-11 15:42:28,605 INFO 47846 [egg-schedule]: register schedule /Users/h/partTimeJob/exchange-fe-server-privatization-master/app/schedule/getDefault-locales.js
2022-01-11 15:42:28,605 INFO 47846 [egg-schedule]: register schedule /Users/h/partTimeJob/exchange-fe-server-privatization-master/app/schedule/remove-log.js
2022-01-11 15:42:28,784 INFO 47846 [Job#16418869487816983394268341931] /Users/h/partTimeJob/exchange-fe-server-privatization-master/app/schedule/getDefault-locales.js executing by app
2022-01-11 15:42:28,806 INFO 47846 [Job#16418869487816983394270569521] /Users/h/partTimeJob/exchange-fe-server-privatization-master/app/schedule/remove-log.js executing by app
2022-01-11 15:42:28,807 INFO 47846 [Job#16418869487816983394268341931] /Users/h/partTimeJob/exchange-fe-server-privatization-master/app/schedule/getDefault-locales.js execute succeed, used 23ms. 
2022-01-11 15:42:28,807 INFO 47846 [Job#16418869487816983394270569521] /Users/h/partTimeJob/exchange-fe-server-privatization-master/app/schedule/remove-log.js execute succeed, used 1ms. 
2022-01-11 15:42:28,780 INFO 47845 [Timer] /Users/h/partTimeJob/exchange-fe-server-privatization-master/node_modules/egg-multipart/app/schedule/clean_tmpdir.js next time will execute after 46051222ms at 2022-01-12 04:30:00.002
2022-01-11 15:42:28,781 INFO 47845 [Timer] /Users/h/partTimeJob/exchange-fe-server-privatization-master/node_modules/egg-logrotator/app/schedule/clean_log.js next time will execute after 29851219ms at 2022-01-12 00:00:00.000
2022-01-11 15:42:28,781 INFO 47845 [Timer] /Users/h/partTimeJob/exchange-fe-server-privatization-master/node_modules/egg-logrotator/app/schedule/rotate_by_file.js next time will execute after 29852219ms at 2022-01-12 00:00:01.000
2022-01-11 15:42:28,781 INFO 47845 [Timer] /Users/h/partTimeJob/exchange-fe-server-privatization-master/app/schedule/getDefault-locales.js next time will execute immediate
2022-01-11 15:42:28,781 INFO 47845 [Timer] /Users/h/partTimeJob/exchange-fe-server-privatization-master/app/schedule/remove-log.js next time will execute immediate
2022-01-11 15:42:28,781 INFO 47845 [Timer] /Users/h/partTimeJob/exchange-fe-server-privatization-master/app/schedule/getDefault-locales.js next time will execute after 600000ms at 2022-01-11 15:52:28.781
2022-01-11 15:42:28,781 INFO 47845 [Timer] /Users/h/partTimeJob/exchange-fe-server-privatization-master/app/schedule/remove-log.js next time will execute after 86400000ms at 2022-01-12 15:42:28.781
2022-01-11 15:52:28,843 INFO 47846 [Job#16418875488326989394376468072] /Users/h/partTimeJob/exchange-fe-server-privatization-master/app/schedule/getDefault-locales.js executing by app
2022-01-11 15:52:28,853 INFO 47846 [Job#16418875488326989394376468072] /Users/h/partTimeJob/exchange-fe-server-privatization-master/app/schedule/getDefault-locales.js execute succeed, used 7ms. 
2022-01-11 15:52:28,835 INFO 47845 [Timer] /Users/h/partTimeJob/exchange-fe-server-privatization-master/app/schedule/getDefault-locales.js next time will execute after 600000ms at 2022-01-11 16:02:28.835
2022-02-28 20:21:28,066 INFO 2336 [egg-schedule]: register schedule /Users/h/partTimeJob/exchange-fe-server-privatization-master/node_modules/egg-multipart/app/schedule/clean_tmpdir.js
2022-02-28 20:21:28,066 INFO 2336 [egg-schedule]: register schedule /Users/h/partTimeJob/exchange-fe-server-privatization-master/node_modules/egg-logrotator/app/schedule/clean_log.js
2022-02-28 20:21:28,066 INFO 2336 [egg-schedule]: register schedule /Users/h/partTimeJob/exchange-fe-server-privatization-master/node_modules/egg-logrotator/app/schedule/rotate_by_file.js
2022-02-28 20:21:28,066 INFO 2336 [egg-schedule]: register schedule /Users/h/partTimeJob/exchange-fe-server-privatization-master/app/schedule/getDefault-locales.js
2022-02-28 20:21:28,066 INFO 2336 [egg-schedule]: register schedule /Users/h/partTimeJob/exchange-fe-server-privatization-master/app/schedule/remove-log.js
2022-02-28 20:21:28,283 INFO 2336 [Job#16460508882822506368813300331] /Users/h/partTimeJob/exchange-fe-server-privatization-master/app/schedule/getDefault-locales.js executing by app
2022-02-28 20:21:28,301 INFO 2336 [Job#16460508882822506368813300331] /Users/h/partTimeJob/exchange-fe-server-privatization-master/app/schedule/getDefault-locales.js execute succeed, used 18ms. 
2022-02-28 20:21:28,301 INFO 2336 [Job#16460508882822506368815568541] /Users/h/partTimeJob/exchange-fe-server-privatization-master/app/schedule/remove-log.js executing by app
2022-02-28 20:21:28,301 INFO 2336 [Job#16460508882822506368815568541] /Users/h/partTimeJob/exchange-fe-server-privatization-master/app/schedule/remove-log.js execute succeed, used 0ms. 
2022-02-28 20:21:28,281 INFO 2332 [Timer] /Users/h/partTimeJob/exchange-fe-server-privatization-master/node_modules/egg-multipart/app/schedule/clean_tmpdir.js next time will execute after 29311721ms at 2022-03-01 04:30:00.002
2022-02-28 20:21:28,281 INFO 2332 [Timer] /Users/h/partTimeJob/exchange-fe-server-privatization-master/node_modules/egg-logrotator/app/schedule/clean_log.js next time will execute after 13111719ms at 2022-03-01 00:00:00.000
2022-02-28 20:21:28,282 INFO 2332 [Timer] /Users/h/partTimeJob/exchange-fe-server-privatization-master/node_modules/egg-logrotator/app/schedule/rotate_by_file.js next time will execute after 13112719ms at 2022-03-01 00:00:01.001
2022-02-28 20:21:28,282 INFO 2332 [Timer] /Users/h/partTimeJob/exchange-fe-server-privatization-master/app/schedule/getDefault-locales.js next time will execute immediate
2022-02-28 20:21:28,282 INFO 2332 [Timer] /Users/h/partTimeJob/exchange-fe-server-privatization-master/app/schedule/remove-log.js next time will execute immediate
2022-02-28 20:21:28,282 INFO 2332 [Timer] /Users/h/partTimeJob/exchange-fe-server-privatization-master/app/schedule/getDefault-locales.js next time will execute after 600000ms at 2022-02-28 20:31:28.282
2022-02-28 20:21:28,282 INFO 2332 [Timer] /Users/h/partTimeJob/exchange-fe-server-privatization-master/app/schedule/remove-log.js next time will execute after 86400000ms at 2022-03-01 20:21:28.282
