2022-01-11 15:42:28,584 INFO 47846 [egg:logger] init all loggers with options: {"dir":"/Users/h/partTimeJob/exchange-fe-server-privatization-master/logs/exchange-vue-server","encoding":"utf8","env":"local","level":"INFO","consoleLevel":"INFO","disableConsoleAfterReady":false,"outputJSON":false,"buffer":true,"appLogName":"exchange-vue-server-web.log","coreLogName":"egg-web.log","agentLogName":"egg-agent.log","errorLogName":"common-error.log","coreLogger":{"consoleLevel":"WARN"},"allowDebugAtProd":false,"type":"application"}
2022-01-11 15:42:28,605 INFO 47846 [egg-multipart] stream mode enable
2022-01-11 15:42:28,742 INFO 47846 [egg-static] starting static serve / -> /Users/h/partTimeJob/exchange-fe-server-privatization-master/app/dist
2022-01-11 15:42:28,745 INFO 47846 [egg-security] use methodnoallow middleware
2022-01-11 15:42:28,746 INFO 47846 [egg-security] use noopen middleware
2022-01-11 15:42:28,747 INFO 47846 [egg-security] use nosniff middleware
2022-01-11 15:42:28,747 INFO 47846 [egg-security] use xssProtection middleware
2022-01-11 15:42:28,748 INFO 47846 [egg-security] use xframe middleware
2022-01-11 15:42:28,749 INFO 47846 [egg-security] use dta middleware
2022-01-11 15:42:28,749 INFO 47846 [egg-security] compose 6 middlewares into one security middleware
2022-01-11 15:42:28,760 INFO 47846 [egg:core] dump config after load, 5ms
2022-01-11 15:42:28,769 INFO 47846 [egg-watcher:application] watcher start success
2022-01-11 15:42:28,775 INFO 47846 [egg:core] dump config after ready, 4ms
2022-02-28 20:21:28,048 INFO 2336 [egg:logger] init all loggers with options: {"dir":"/Users/h/partTimeJob/exchange-fe-server-privatization-master/logs/exchange-vue-server","encoding":"utf8","env":"local","level":"INFO","consoleLevel":"INFO","disableConsoleAfterReady":false,"outputJSON":false,"buffer":true,"appLogName":"exchange-vue-server-web.log","coreLogName":"egg-web.log","agentLogName":"egg-agent.log","errorLogName":"common-error.log","coreLogger":{"consoleLevel":"WARN"},"allowDebugAtProd":false,"type":"application"}
2022-02-28 20:21:28,067 INFO 2336 [egg-multipart] stream mode enable
2022-02-28 20:21:28,232 INFO 2336 [egg-static] starting static serve / -> /Users/h/partTimeJob/exchange-fe-server-privatization-master/app/dist
2022-02-28 20:21:28,234 INFO 2336 [egg-security] use methodnoallow middleware
2022-02-28 20:21:28,236 INFO 2336 [egg-security] use noopen middleware
2022-02-28 20:21:28,237 INFO 2336 [egg-security] use nosniff middleware
2022-02-28 20:21:28,238 INFO 2336 [egg-security] use xssProtection middleware
2022-02-28 20:21:28,239 INFO 2336 [egg-security] use xframe middleware
2022-02-28 20:21:28,241 INFO 2336 [egg-security] use dta middleware
2022-02-28 20:21:28,241 INFO 2336 [egg-security] compose 6 middlewares into one security middleware
2022-02-28 20:21:28,254 INFO 2336 [egg:core] dump config after load, 6ms
2022-02-28 20:21:28,268 INFO 2336 [egg-watcher:application] watcher start success
2022-02-28 20:21:28,276 INFO 2336 [egg:core] dump config after ready, 5ms
2022-03-20 17:17:58,978 INFO 8549 [egg:logger] init all loggers with options: {"dir":"/Users/safahi/Documents/GitHub/Exchange-fe-server-privatization-master/logs/exchange-vue-server","encoding":"utf8","env":"local","level":"INFO","consoleLevel":"INFO","disableConsoleAfterReady":false,"outputJSON":false,"buffer":true,"appLogName":"exchange-vue-server-web.log","coreLogName":"egg-web.log","agentLogName":"egg-agent.log","errorLogName":"common-error.log","coreLogger":{"consoleLevel":"WARN"},"allowDebugAtProd":false,"type":"application"}
2022-03-20 17:17:59,002 INFO 8549 [egg-multipart] stream mode enable
2022-03-20 17:17:59,071 INFO 8549 [egg-static] starting static serve / -> /Users/safahi/Documents/GitHub/Exchange-fe-server-privatization-master/app/dist
2022-03-20 17:17:59,074 INFO 8549 [egg-security] use methodnoallow middleware
2022-03-20 17:17:59,074 INFO 8549 [egg-security] use noopen middleware
2022-03-20 17:17:59,075 INFO 8549 [egg-security] use nosniff middleware
2022-03-20 17:17:59,075 INFO 8549 [egg-security] use xssProtection middleware
2022-03-20 17:17:59,075 INFO 8549 [egg-security] use xframe middleware
2022-03-20 17:17:59,075 INFO 8549 [egg-security] use dta middleware
2022-03-20 17:17:59,075 INFO 8549 [egg-security] compose 6 middlewares into one security middleware
2022-03-20 17:17:59,086 INFO 8549 [egg:core] dump config after load, 5ms
2022-03-20 17:17:59,094 INFO 8549 [egg-watcher:application] watcher start success
2022-03-20 17:17:59,100 INFO 8549 [egg:core] dump config after ready, 5ms
2022-03-20 17:21:47,505 INFO 9615 [egg:logger] init all loggers with options: {"dir":"/Users/safahi/Documents/GitHub/Exchange-fe-server-privatization-master/logs/exchange-vue-server","encoding":"utf8","env":"local","level":"INFO","consoleLevel":"INFO","disableConsoleAfterReady":false,"outputJSON":false,"buffer":true,"appLogName":"exchange-vue-server-web.log","coreLogName":"egg-web.log","agentLogName":"egg-agent.log","errorLogName":"common-error.log","coreLogger":{"consoleLevel":"WARN"},"allowDebugAtProd":false,"type":"application"}
2022-03-20 17:21:47,529 INFO 9615 [egg-multipart] stream mode enable
2022-03-20 17:21:47,863 INFO 9615 [egg-static] starting static serve / -> /Users/safahi/Documents/GitHub/Exchange-fe-server-privatization-master/app/dist
2022-03-20 17:21:47,868 INFO 9615 [egg-security] use methodnoallow middleware
2022-03-20 17:21:47,869 INFO 9615 [egg-security] use noopen middleware
2022-03-20 17:21:47,870 INFO 9615 [egg-security] use nosniff middleware
2022-03-20 17:21:47,871 INFO 9615 [egg-security] use xssProtection middleware
2022-03-20 17:21:47,873 INFO 9615 [egg-security] use xframe middleware
2022-03-20 17:21:47,874 INFO 9615 [egg-security] use dta middleware
2022-03-20 17:21:47,874 INFO 9615 [egg-security] compose 6 middlewares into one security middleware
2022-03-20 17:21:47,887 INFO 9615 [egg:core] dump config after load, 5ms
2022-03-20 17:21:47,896 INFO 9615 [egg-watcher:application] watcher start success
2022-03-20 17:21:47,902 INFO 9615 [egg:core] dump config after ready, 5ms
