2022-03-20 17:30:19,467 ERROR 12092 [-/127.0.0.1/-/12ms GET /] nodejs.AssertionError: Can't find ../dist/undefined-index.html from /Users/safahi/Documents/GitHub/Exchange-fe-server-privatization-master/app/dist
    at Map.resolve (/Users/safahi/Documents/GitHub/Exchange-fe-server-privatization-master/node_modules/egg-view/lib/view_manager.js:74:5)
    at ContextView.[contextView#render] (/Users/safahi/Documents/GitHub/Exchange-fe-server-privatization-master/node_modules/egg-view/lib/context_view.js:50:22)
    at HomeController.index (/Users/safahi/Documents/GitHub/Exchange-fe-server-privatization-master/app/controller/home.js:162:5)
    at /Users/safahi/Documents/GitHub/Exchange-fe-server-privatization-master/node_modules/koa-compress/index.js:43:5
    at xframe (/Users/safahi/Documents/GitHub/Exchange-fe-server-privatization-master/node_modules/egg-security/lib/middlewares/xframe.js:7:5)
    at xssProtection (/Users/safahi/Documents/GitHub/Exchange-fe-server-privatization-master/node_modules/egg-security/lib/middlewares/xssProtection.js:7:5)
    at nosniff (/Users/safahi/Documents/GitHub/Exchange-fe-server-privatization-master/node_modules/egg-security/lib/middlewares/nosniff.js:8:5)
    at noopen (/Users/safahi/Documents/GitHub/Exchange-fe-server-privatization-master/node_modules/egg-security/lib/middlewares/noopen.js:8:5)
    at session (/Users/safahi/Documents/GitHub/Exchange-fe-server-privatization-master/node_modules/koa-session/index.js:41:7)
    at bodyParser (/Users/safahi/Documents/GitHub/Exchange-fe-server-privatization-master/node_modules/koa-bodyparser/index.js:95:5)
    at /Users/safahi/Documents/GitHub/Exchange-fe-server-privatization-master/node_modules/koa-static-cache/index.js:75:31
    at notfound (/Users/safahi/Documents/GitHub/Exchange-fe-server-privatization-master/node_modules/egg/app/middleware/notfound.js:5:5)
    at meta (/Users/safahi/Documents/GitHub/Exchange-fe-server-privatization-master/node_modules/egg/app/middleware/meta.js:17:5)
generatedMessage: false
code: "ERR_ASSERTION"
actual: undefined
expected: true
operator: "=="
pid: 12092
hostname: safahis-MacBook-Pro-2.local

